<?xml version="1.0" encoding="utf-8"?><testsuites name="pytest tests"><testsuite name="pytest" errors="0" failures="0" skipped="0" tests="10" time="41.366" timestamp="2026-05-16T07:03:52.249403+00:00" hostname="agent-env-9075c2e0-ceb4-4885-986b-2ac85473f3ff"><testcase classname="backend.tests.test_new_features.TestPatchBirthProfile" name="test_patch_updates_partial_fields" time="1.211" /><testcase classname="backend.tests.test_new_features.TestPatchBirthProfile" name="test_patch_empty_body_returns_400" time="0.141" /><testcase classname="backend.tests.test_new_features.TestPatchBirthProfile" name="test_patch_non_owner_returns_404" time="0.103" /><testcase classname="backend.tests.test_new_features.TestPatchBirthProfile" name="test_patch_unknown_profile_returns_404" time="0.120" /><testcase classname="backend.tests.test_new_features.TestDeleteBirthProfile" name="test_delete_profile_and_cascade_readings" time="0.665" /><testcase classname="backend.tests.test_new_features.TestDeleteBirthProfile" name="test_delete_unknown_returns_404" time="0.146" /><testcase classname="backend.tests.test_new_features.TestCompatibility" name="test_free_user_gets_402" time="1.125" /><testcase classname="backend.tests.test_new_features.TestCompatibility" name="test_same_profile_returns_400" time="0.103" /><testcase classname="backend.tests.test_new_features.TestCompatibility" name="test_unknown_profile_returns_404" time="0.119" /><testcase classname="backend.tests.test_new_features.TestCompatibility" name="test_premium_happy_path_or_503" time="37.525" /></testsuite></testsuites>