<?xml version="1.0" encoding="utf-8"?><testsuites name="pytest tests"><testsuite name="pytest" errors="0" failures="6" skipped="0" tests="21" time="184.738" timestamp="2026-05-16T04:35:57.212675+00:00" hostname="agent-env-9075c2e0-ceb4-4885-986b-2ac85473f3ff"><testcase classname="backend.tests.test_bazi_backend" name="test_root_health" time="0.135" /><testcase classname="backend.tests.test_bazi_backend" name="test_signup_creates_user_and_returns_token" time="0.329" /><testcase classname="backend.tests.test_bazi_backend" name="test_signup_duplicate_email_400" time="0.125" /><testcase classname="backend.tests.test_bazi_backend" name="test_login_with_seed_test_user" time="0.333" /><testcase classname="backend.tests.test_bazi_backend" name="test_login_stripe_user" time="0.330" /><testcase classname="backend.tests.test_bazi_backend" name="test_login_invalid_password" time="0.317" /><testcase classname="backend.tests.test_bazi_backend" name="test_me_with_jwt" time="0.104" /><testcase classname="backend.tests.test_bazi_backend" name="test_me_invalid_token_rejected" time="0.106" /><testcase classname="backend.tests.test_bazi_backend" name="test_me_missing_token" time="0.103" /><testcase classname="backend.tests.test_bazi_backend" name="test_create_birth_profile_for_fresh_user" time="0.101" /><testcase classname="backend.tests.test_bazi_backend" name="test_free_user_blocked_from_second_profile" time="0.180" /><testcase classname="backend.tests.test_bazi_backend" name="test_list_birth_profiles" time="0.124" /><testcase classname="backend.tests.test_bazi_backend" name="test_generate_reading_for_fresh_user" time="60.095"><failure message="AssertionError: The preview environment is not responding. It may be starting up.&#10;  &#10;assert 502 == 200&#10; +  where 502 = &lt;Response [502]&gt;.status_code">E   AssertionError: The preview environment is not responding. It may be starting up.
      
    assert 502 == 200
     +  where 502 = &lt;Response [502]&gt;.status_code</failure></testcase><testcase classname="backend.tests.test_bazi_backend" name="test_free_user_blocked_from_second_reading" time="60.275"><failure message="assert 502 == 200&#10; +  where 502 = &lt;Response [502]&gt;.status_code">E   assert 502 == 200
     +  where 502 = &lt;Response [502]&gt;.status_code</failure></testcase><testcase classname="backend.tests.test_bazi_backend" name="test_list_readings" time="60.277"><failure message="assert 502 == 200&#10; +  where 502 = &lt;Response [502]&gt;.status_code">E   assert 502 == 200
     +  where 502 = &lt;Response [502]&gt;.status_code</failure></testcase><testcase classname="backend.tests.test_bazi_backend" name="test_get_single_reading" time="0.000"><failure message="KeyError: 'fresh_reading_id'">E   KeyError: 'fresh_reading_id'</failure></testcase><testcase classname="backend.tests.test_bazi_backend" name="test_get_reading_unauthorized_user_404" time="0.001"><failure message="KeyError: 'fresh_reading_id'">E   KeyError: 'fresh_reading_id'</failure></testcase><testcase classname="backend.tests.test_bazi_backend" name="test_stripe_create_checkout_session" time="1.248" /><testcase classname="backend.tests.test_bazi_backend" name="test_stripe_poll_session" time="0.297"><failure message="AssertionError: {&quot;detail&quot;:&quot;Stripe error: Failed to retrieve session status: Request req_0obNzpCzvtXXcV: No such checkout.session: cs_test_a1FtJZuRos4r3KlhiAt3SM7LOl3gmlLKTyZAVVX2LpKnhybjhNOLlo9IjH&quot;}&#10;assert 400 == 200&#10; +  where 400 = &lt;Response [400]&gt;.status_code">E   AssertionError: {"detail":"Stripe error: Failed to retrieve session status: Request req_0obNzpCzvtXXcV: No such checkout.session: cs_test_a1FtJZuRos4r3KlhiAt3SM7LOl3gmlLKTyZAVVX2LpKnhybjhNOLlo9IjH"}
    assert 400 == 200
     +  where 400 = &lt;Response [400]&gt;.status_code</failure></testcase><testcase classname="backend.tests.test_bazi_backend" name="test_logout" time="0.122" /><testcase classname="backend.tests.test_bazi_backend" name="test_zzz_cleanup_fresh_user" time="0.102" /></testsuite></testsuites>